{"C:\\Users\\Hideki\\Documents\\Projects\\go-stack\\07-gobarber-mobile\\src\\hooks\\auth.tsx": {"path":"C:\\Users\\Hideki\\Documents\\Projects\\go-stack\\07-gobarber-mobile\\src\\hooks\\auth.tsx","statementMap":{"0":{"start":{"line":36,"column":20},"end":{"line":36,"column":73}},"1":{"start":{"line":38,"column":38},"end":{"line":100,"column":1}},"2":{"start":{"line":39,"column":26},"end":{"line":39,"column":62}},"3":{"start":{"line":40,"column":32},"end":{"line":40,"column":46}},"4":{"start":{"line":42,"column":2},"end":{"line":56,"column":9}},"5":{"start":{"line":44,"column":28},"end":{"line":47,"column":8}},"6":{"start":{"line":48,"column":6},"end":{"line":51,"column":7}},"7":{"start":{"line":49,"column":8},"end":{"line":49,"column":66}},"8":{"start":{"line":50,"column":8},"end":{"line":50,"column":64}},"9":{"start":{"line":52,"column":6},"end":{"line":52,"column":24}},"10":{"start":{"line":55,"column":4},"end":{"line":55,"column":22}},"11":{"start":{"line":58,"column":17},"end":{"line":74,"column":8}},"12":{"start":{"line":59,"column":21},"end":{"line":62,"column":6}},"13":{"start":{"line":64,"column":28},"end":{"line":64,"column":41}},"14":{"start":{"line":66,"column":4},"end":{"line":69,"column":7}},"15":{"start":{"line":71,"column":4},"end":{"line":71,"column":59}},"16":{"start":{"line":73,"column":4},"end":{"line":73,"column":29}},"17":{"start":{"line":76,"column":18},"end":{"line":80,"column":8}},"18":{"start":{"line":77,"column":4},"end":{"line":77,"column":74}},"19":{"start":{"line":79,"column":4},"end":{"line":79,"column":29}},"20":{"start":{"line":82,"column":21},"end":{"line":91,"column":3}},"21":{"start":{"line":84,"column":6},"end":{"line":84,"column":73}},"22":{"start":{"line":85,"column":6},"end":{"line":88,"column":9}},"23":{"start":{"line":93,"column":2},"end":{"line":99,"column":4}},"24":{"start":{"line":103,"column":18},"end":{"line":103,"column":41}},"25":{"start":{"line":105,"column":2},"end":{"line":107,"column":3}},"26":{"start":{"line":106,"column":4},"end":{"line":106,"column":67}},"27":{"start":{"line":109,"column":2},"end":{"line":109,"column":17}}},"fnMap":{"0":{"name":"(anonymous_0)","decl":{"start":{"line":38,"column":38},"end":{"line":38,"column":39}},"loc":{"start":{"line":38,"column":56},"end":{"line":100,"column":1}},"line":38},"1":{"name":"(anonymous_1)","decl":{"start":{"line":42,"column":12},"end":{"line":42,"column":13}},"loc":{"start":{"line":42,"column":18},"end":{"line":56,"column":3}},"line":42},"2":{"name":"loadStorageData","decl":{"start":{"line":43,"column":19},"end":{"line":43,"column":34}},"loc":{"start":{"line":43,"column":52},"end":{"line":53,"column":5}},"line":43},"3":{"name":"(anonymous_3)","decl":{"start":{"line":58,"column":29},"end":{"line":58,"column":30}},"loc":{"start":{"line":58,"column":60},"end":{"line":74,"column":3}},"line":58},"4":{"name":"(anonymous_4)","decl":{"start":{"line":76,"column":30},"end":{"line":76,"column":31}},"loc":{"start":{"line":76,"column":42},"end":{"line":80,"column":3}},"line":76},"5":{"name":"(anonymous_5)","decl":{"start":{"line":83,"column":4},"end":{"line":83,"column":5}},"loc":{"start":{"line":83,"column":26},"end":{"line":89,"column":5}},"line":83},"6":{"name":"useAuth","decl":{"start":{"line":102,"column":16},"end":{"line":102,"column":23}},"loc":{"start":{"line":102,"column":43},"end":{"line":110,"column":1}},"line":102}},"branchMap":{"0":{"loc":{"start":{"line":48,"column":6},"end":{"line":51,"column":7}},"type":"if","locations":[{"start":{"line":48,"column":6},"end":{"line":51,"column":7}},{"start":{"line":48,"column":6},"end":{"line":51,"column":7}}],"line":48},"1":{"loc":{"start":{"line":48,"column":10},"end":{"line":48,"column":29}},"type":"binary-expr","locations":[{"start":{"line":48,"column":10},"end":{"line":48,"column":18}},{"start":{"line":48,"column":22},"end":{"line":48,"column":29}}],"line":48},"2":{"loc":{"start":{"line":105,"column":2},"end":{"line":107,"column":3}},"type":"if","locations":[{"start":{"line":105,"column":2},"end":{"line":107,"column":3}},{"start":{"line":105,"column":2},"end":{"line":107,"column":3}}],"line":105}},"s":{"0":1,"1":1,"2":0,"3":0,"4":0,"5":0,"6":0,"7":0,"8":0,"9":0,"10":0,"11":0,"12":0,"13":0,"14":0,"15":0,"16":0,"17":0,"18":0,"19":0,"20":0,"21":0,"22":0,"23":0,"24":1,"25":1,"26":0,"27":1},"f":{"0":0,"1":0,"2":0,"3":0,"4":0,"5":0,"6":1},"b":{"0":[0,0],"1":[0,0],"2":[0,1]},"_coverageSchema":"1a1c01bbd47fc00a2c39e90264f33305004495a9","hash":"8cfb724786d534c673a810a2bd1d1a41c69bc36b"}
,"C:\\Users\\Hideki\\Documents\\Projects\\go-stack\\07-gobarber-mobile\\src\\pages\\AppointmentCreated\\index.tsx": {"path":"C:\\Users\\Hideki\\Documents\\Projects\\go-stack\\07-gobarber-mobile\\src\\pages\\AppointmentCreated\\index.tsx","statementMap":{"0":{"start":{"line":18,"column":37},"end":{"line":53,"column":1}},"1":{"start":{"line":19,"column":20},"end":{"line":19,"column":35}},"2":{"start":{"line":20,"column":21},"end":{"line":20,"column":31}},"3":{"start":{"line":22,"column":22},"end":{"line":22,"column":43}},"4":{"start":{"line":24,"column":26},"end":{"line":33,"column":13}},"5":{"start":{"line":25,"column":4},"end":{"line":32,"column":7}},"6":{"start":{"line":35,"column":24},"end":{"line":41,"column":24}},"7":{"start":{"line":36,"column":4},"end":{"line":40,"column":6}},"8":{"start":{"line":43,"column":2},"end":{"line":52,"column":4}}},"fnMap":{"0":{"name":"(anonymous_0)","decl":{"start":{"line":18,"column":37},"end":{"line":18,"column":38}},"loc":{"start":{"line":18,"column":43},"end":{"line":53,"column":1}},"line":18},"1":{"name":"(anonymous_1)","decl":{"start":{"line":24,"column":38},"end":{"line":24,"column":39}},"loc":{"start":{"line":24,"column":44},"end":{"line":33,"column":3}},"line":24},"2":{"name":"(anonymous_2)","decl":{"start":{"line":35,"column":32},"end":{"line":35,"column":33}},"loc":{"start":{"line":35,"column":38},"end":{"line":41,"column":3}},"line":35}},"branchMap":{},"s":{"0":0,"1":0,"2":0,"3":0,"4":0,"5":0,"6":0,"7":0,"8":0},"f":{"0":0,"1":0,"2":0},"b":{}}
,"C:\\Users\\Hideki\\Documents\\Projects\\go-stack\\07-gobarber-mobile\\src\\pages\\CreateAppointment\\index.tsx": {"path":"C:\\Users\\Hideki\\Documents\\Projects\\go-stack\\07-gobarber-mobile\\src\\pages\\CreateAppointment\\index.tsx","statementMap":{"0":{"start":{"line":48,"column":36},"end":{"line":249,"column":1}},"1":{"start":{"line":49,"column":19},"end":{"line":49,"column":28}},"2":{"start":{"line":50,"column":31},"end":{"line":50,"column":46}},"3":{"start":{"line":52,"column":16},"end":{"line":52,"column":26}},"4":{"start":{"line":53,"column":22},"end":{"line":53,"column":49}},"5":{"start":{"line":55,"column":42},"end":{"line":55,"column":74}},"6":{"start":{"line":56,"column":42},"end":{"line":56,"column":62}},"7":{"start":{"line":57,"column":42},"end":{"line":57,"column":53}},"8":{"start":{"line":58,"column":46},"end":{"line":58,"column":61}},"9":{"start":{"line":59,"column":36},"end":{"line":59,"column":60}},"10":{"start":{"line":60,"column":50},"end":{"line":62,"column":3}},"11":{"start":{"line":64,"column":2},"end":{"line":68,"column":9}},"12":{"start":{"line":65,"column":4},"end":{"line":67,"column":7}},"13":{"start":{"line":66,"column":6},"end":{"line":66,"column":34}},"14":{"start":{"line":70,"column":2},"end":{"line":82,"column":39}},"15":{"start":{"line":71,"column":4},"end":{"line":81,"column":9}},"16":{"start":{"line":80,"column":8},"end":{"line":80,"column":39}},"17":{"start":{"line":84,"column":23},"end":{"line":86,"column":14}},"18":{"start":{"line":85,"column":4},"end":{"line":85,"column":13}},"19":{"start":{"line":88,"column":33},"end":{"line":90,"column":8}},"20":{"start":{"line":89,"column":4},"end":{"line":89,"column":39}},"21":{"start":{"line":89,"column":31},"end":{"line":89,"column":37}},"22":{"start":{"line":92,"column":31},"end":{"line":94,"column":8}},"23":{"start":{"line":93,"column":4},"end":{"line":93,"column":36}},"24":{"start":{"line":96,"column":28},"end":{"line":106,"column":3}},"25":{"start":{"line":98,"column":6},"end":{"line":100,"column":7}},"26":{"start":{"line":99,"column":8},"end":{"line":99,"column":33}},"27":{"start":{"line":101,"column":6},"end":{"line":103,"column":7}},"28":{"start":{"line":102,"column":8},"end":{"line":102,"column":30}},"29":{"start":{"line":108,"column":27},"end":{"line":110,"column":8}},"30":{"start":{"line":109,"column":4},"end":{"line":109,"column":26}},"31":{"start":{"line":112,"column":34},"end":{"line":129,"column":62}},"32":{"start":{"line":113,"column":4},"end":{"line":128,"column":5}},"33":{"start":{"line":114,"column":19},"end":{"line":114,"column":41}},"34":{"start":{"line":115,"column":6},"end":{"line":115,"column":34}},"35":{"start":{"line":116,"column":6},"end":{"line":116,"column":25}},"36":{"start":{"line":118,"column":6},"end":{"line":121,"column":9}},"37":{"start":{"line":122,"column":6},"end":{"line":122,"column":63}},"38":{"start":{"line":124,"column":6},"end":{"line":127,"column":8}},"39":{"start":{"line":131,"column":30},"end":{"line":141,"column":20}},"40":{"start":{"line":132,"column":4},"end":{"line":140,"column":9}},"41":{"start":{"line":133,"column":28},"end":{"line":133,"column":37}},"42":{"start":{"line":135,"column":8},"end":{"line":139,"column":10}},"43":{"start":{"line":143,"column":32},"end":{"line":153,"column":20}},"44":{"start":{"line":144,"column":4},"end":{"line":152,"column":9}},"45":{"start":{"line":145,"column":28},"end":{"line":145,"column":38}},"46":{"start":{"line":147,"column":8},"end":{"line":151,"column":10}},"47":{"start":{"line":155,"column":2},"end":{"line":248,"column":4}},"48":{"start":{"line":171,"column":38},"end":{"line":171,"column":49}},"49":{"start":{"line":173,"column":14},"end":{"line":181,"column":34}},"50":{"start":{"line":174,"column":31},"end":{"line":174,"column":64}},"51":{"start":{"line":208,"column":16},"end":{"line":218,"column":23}},"52":{"start":{"line":213,"column":33},"end":{"line":213,"column":55}},"53":{"start":{"line":227,"column":18},"end":{"line":237,"column":25}},"54":{"start":{"line":232,"column":35},"end":{"line":232,"column":57}}},"fnMap":{"0":{"name":"(anonymous_0)","decl":{"start":{"line":48,"column":36},"end":{"line":48,"column":37}},"loc":{"start":{"line":48,"column":42},"end":{"line":249,"column":1}},"line":48},"1":{"name":"(anonymous_1)","decl":{"start":{"line":64,"column":12},"end":{"line":64,"column":13}},"loc":{"start":{"line":64,"column":18},"end":{"line":68,"column":3}},"line":64},"2":{"name":"(anonymous_2)","decl":{"start":{"line":65,"column":30},"end":{"line":65,"column":31}},"loc":{"start":{"line":65,"column":42},"end":{"line":67,"column":5}},"line":65},"3":{"name":"(anonymous_3)","decl":{"start":{"line":70,"column":12},"end":{"line":70,"column":13}},"loc":{"start":{"line":70,"column":18},"end":{"line":82,"column":3}},"line":70},"4":{"name":"(anonymous_4)","decl":{"start":{"line":79,"column":12},"end":{"line":79,"column":13}},"loc":{"start":{"line":79,"column":24},"end":{"line":81,"column":7}},"line":79},"5":{"name":"(anonymous_5)","decl":{"start":{"line":84,"column":35},"end":{"line":84,"column":36}},"loc":{"start":{"line":84,"column":41},"end":{"line":86,"column":3}},"line":84},"6":{"name":"(anonymous_6)","decl":{"start":{"line":88,"column":45},"end":{"line":88,"column":46}},"loc":{"start":{"line":88,"column":51},"end":{"line":90,"column":3}},"line":88},"7":{"name":"(anonymous_7)","decl":{"start":{"line":89,"column":22},"end":{"line":89,"column":23}},"loc":{"start":{"line":89,"column":31},"end":{"line":89,"column":37}},"line":89},"8":{"name":"(anonymous_8)","decl":{"start":{"line":92,"column":43},"end":{"line":92,"column":44}},"loc":{"start":{"line":92,"column":67},"end":{"line":94,"column":3}},"line":92},"9":{"name":"(anonymous_9)","decl":{"start":{"line":97,"column":4},"end":{"line":97,"column":5}},"loc":{"start":{"line":97,"column":44},"end":{"line":104,"column":5}},"line":97},"10":{"name":"(anonymous_10)","decl":{"start":{"line":108,"column":39},"end":{"line":108,"column":40}},"loc":{"start":{"line":108,"column":57},"end":{"line":110,"column":3}},"line":108},"11":{"name":"(anonymous_11)","decl":{"start":{"line":112,"column":46},"end":{"line":112,"column":47}},"loc":{"start":{"line":112,"column":58},"end":{"line":129,"column":3}},"line":112},"12":{"name":"(anonymous_12)","decl":{"start":{"line":131,"column":38},"end":{"line":131,"column":39}},"loc":{"start":{"line":131,"column":44},"end":{"line":141,"column":3}},"line":131},"13":{"name":"(anonymous_13)","decl":{"start":{"line":133,"column":14},"end":{"line":133,"column":15}},"loc":{"start":{"line":133,"column":28},"end":{"line":133,"column":37}},"line":133},"14":{"name":"(anonymous_14)","decl":{"start":{"line":134,"column":11},"end":{"line":134,"column":12}},"loc":{"start":{"line":134,"column":36},"end":{"line":140,"column":7}},"line":134},"15":{"name":"(anonymous_15)","decl":{"start":{"line":143,"column":40},"end":{"line":143,"column":41}},"loc":{"start":{"line":143,"column":46},"end":{"line":153,"column":3}},"line":143},"16":{"name":"(anonymous_16)","decl":{"start":{"line":145,"column":14},"end":{"line":145,"column":15}},"loc":{"start":{"line":145,"column":28},"end":{"line":145,"column":38}},"line":145},"17":{"name":"(anonymous_17)","decl":{"start":{"line":146,"column":11},"end":{"line":146,"column":12}},"loc":{"start":{"line":146,"column":36},"end":{"line":152,"column":7}},"line":146},"18":{"name":"(anonymous_18)","decl":{"start":{"line":171,"column":26},"end":{"line":171,"column":27}},"loc":{"start":{"line":171,"column":38},"end":{"line":171,"column":49}},"line":171},"19":{"name":"(anonymous_19)","decl":{"start":{"line":172,"column":24},"end":{"line":172,"column":25}},"loc":{"start":{"line":173,"column":14},"end":{"line":181,"column":34}},"line":173},"20":{"name":"(anonymous_20)","decl":{"start":{"line":174,"column":25},"end":{"line":174,"column":26}},"loc":{"start":{"line":174,"column":31},"end":{"line":174,"column":64}},"line":174},"21":{"name":"(anonymous_21)","decl":{"start":{"line":207,"column":39},"end":{"line":207,"column":40}},"loc":{"start":{"line":208,"column":16},"end":{"line":218,"column":23}},"line":208},"22":{"name":"(anonymous_22)","decl":{"start":{"line":213,"column":27},"end":{"line":213,"column":28}},"loc":{"start":{"line":213,"column":33},"end":{"line":213,"column":55}},"line":213},"23":{"name":"(anonymous_23)","decl":{"start":{"line":226,"column":16},"end":{"line":226,"column":17}},"loc":{"start":{"line":227,"column":18},"end":{"line":237,"column":25}},"line":227},"24":{"name":"(anonymous_24)","decl":{"start":{"line":232,"column":29},"end":{"line":232,"column":30}},"loc":{"start":{"line":232,"column":35},"end":{"line":232,"column":57}},"line":232}},"branchMap":{"0":{"loc":{"start":{"line":98,"column":6},"end":{"line":100,"column":7}},"type":"if","locations":[{"start":{"line":98,"column":6},"end":{"line":100,"column":7}},{"start":{"line":98,"column":6},"end":{"line":100,"column":7}}],"line":98},"1":{"loc":{"start":{"line":101,"column":6},"end":{"line":103,"column":7}},"type":"if","locations":[{"start":{"line":101,"column":6},"end":{"line":103,"column":7}},{"start":{"line":101,"column":6},"end":{"line":103,"column":7}}],"line":101},"2":{"loc":{"start":{"line":192,"column":11},"end":{"line":200,"column":11}},"type":"binary-expr","locations":[{"start":{"line":192,"column":11},"end":{"line":192,"column":25}},{"start":{"line":193,"column":12},"end":{"line":199,"column":14}}],"line":192}},"s":{"0":0,"1":0,"2":0,"3":0,"4":0,"5":0,"6":0,"7":0,"8":0,"9":0,"10":0,"11":0,"12":0,"13":0,"14":0,"15":0,"16":0,"17":0,"18":0,"19":0,"20":0,"21":0,"22":0,"23":0,"24":0,"25":0,"26":0,"27":0,"28":0,"29":0,"30":0,"31":0,"32":0,"33":0,"34":0,"35":0,"36":0,"37":0,"38":0,"39":0,"40":0,"41":0,"42":0,"43":0,"44":0,"45":0,"46":0,"47":0,"48":0,"49":0,"50":0,"51":0,"52":0,"53":0,"54":0},"f":{"0":0,"1":0,"2":0,"3":0,"4":0,"5":0,"6":0,"7":0,"8":0,"9":0,"10":0,"11":0,"12":0,"13":0,"14":0,"15":0,"16":0,"17":0,"18":0,"19":0,"20":0,"21":0,"22":0,"23":0,"24":0},"b":{"0":[0,0],"1":[0,0],"2":[0,0]}}
,"C:\\Users\\Hideki\\Documents\\Projects\\go-stack\\07-gobarber-mobile\\src\\pages\\Dashboard\\index.tsx": {"path":"C:\\Users\\Hideki\\Documents\\Projects\\go-stack\\07-gobarber-mobile\\src\\pages\\Dashboard\\index.tsx","statementMap":{"0":{"start":{"line":31,"column":28},"end":{"line":94,"column":1}},"1":{"start":{"line":32,"column":36},"end":{"line":32,"column":60}},"2":{"start":{"line":33,"column":19},"end":{"line":33,"column":28}},"3":{"start":{"line":34,"column":23},"end":{"line":34,"column":38}},"4":{"start":{"line":35,"column":2},"end":{"line":39,"column":9}},"5":{"start":{"line":36,"column":4},"end":{"line":38,"column":7}},"6":{"start":{"line":37,"column":6},"end":{"line":37,"column":34}},"7":{"start":{"line":41,"column":28},"end":{"line":43,"column":16}},"8":{"start":{"line":42,"column":4},"end":{"line":42,"column":24}},"9":{"start":{"line":45,"column":38},"end":{"line":50,"column":3}},"10":{"start":{"line":47,"column":6},"end":{"line":47,"column":52}},"11":{"start":{"line":52,"column":2},"end":{"line":93,"column":4}},"12":{"start":{"line":67,"column":36},"end":{"line":67,"column":47}},"13":{"start":{"line":73,"column":12},"end":{"line":88,"column":32}},"14":{"start":{"line":74,"column":29},"end":{"line":74,"column":69}}},"fnMap":{"0":{"name":"(anonymous_0)","decl":{"start":{"line":31,"column":28},"end":{"line":31,"column":29}},"loc":{"start":{"line":31,"column":34},"end":{"line":94,"column":1}},"line":31},"1":{"name":"(anonymous_1)","decl":{"start":{"line":35,"column":12},"end":{"line":35,"column":13}},"loc":{"start":{"line":35,"column":18},"end":{"line":39,"column":3}},"line":35},"2":{"name":"(anonymous_2)","decl":{"start":{"line":36,"column":30},"end":{"line":36,"column":31}},"loc":{"start":{"line":36,"column":42},"end":{"line":38,"column":5}},"line":36},"3":{"name":"(anonymous_3)","decl":{"start":{"line":41,"column":40},"end":{"line":41,"column":41}},"loc":{"start":{"line":41,"column":46},"end":{"line":43,"column":3}},"line":41},"4":{"name":"(anonymous_4)","decl":{"start":{"line":46,"column":4},"end":{"line":46,"column":5}},"loc":{"start":{"line":46,"column":28},"end":{"line":48,"column":5}},"line":46},"5":{"name":"(anonymous_5)","decl":{"start":{"line":67,"column":24},"end":{"line":67,"column":25}},"loc":{"start":{"line":67,"column":36},"end":{"line":67,"column":47}},"line":67},"6":{"name":"(anonymous_6)","decl":{"start":{"line":72,"column":22},"end":{"line":72,"column":23}},"loc":{"start":{"line":73,"column":12},"end":{"line":88,"column":32}},"line":73},"7":{"name":"(anonymous_7)","decl":{"start":{"line":74,"column":23},"end":{"line":74,"column":24}},"loc":{"start":{"line":74,"column":29},"end":{"line":74,"column":69}},"line":74}},"branchMap":{},"s":{"0":0,"1":0,"2":0,"3":0,"4":0,"5":0,"6":0,"7":0,"8":0,"9":0,"10":0,"11":0,"12":0,"13":0,"14":0},"f":{"0":0,"1":0,"2":0,"3":0,"4":0,"5":0,"6":0,"7":0},"b":{}}
,"C:\\Users\\Hideki\\Documents\\Projects\\go-stack\\07-gobarber-mobile\\src\\pages\\Profile\\index.tsx": {"path":"C:\\Users\\Hideki\\Documents\\Projects\\go-stack\\07-gobarber-mobile\\src\\pages\\Profile\\index.tsx","statementMap":{"0":{"start":{"line":39,"column":26},"end":{"line":251,"column":1}},"1":{"start":{"line":40,"column":31},"end":{"line":40,"column":40}},"2":{"start":{"line":41,"column":18},"end":{"line":41,"column":43}},"3":{"start":{"line":42,"column":21},"end":{"line":42,"column":36}},"4":{"start":{"line":44,"column":24},"end":{"line":44,"column":47}},"5":{"start":{"line":45,"column":30},"end":{"line":45,"column":53}},"6":{"start":{"line":46,"column":27},"end":{"line":46,"column":50}},"7":{"start":{"line":47,"column":34},"end":{"line":47,"column":57}},"8":{"start":{"line":49,"column":29},"end":{"line":79,"column":27}},"9":{"start":{"line":50,"column":4},"end":{"line":78,"column":6}},"10":{"start":{"line":58,"column":8},"end":{"line":60,"column":9}},"11":{"start":{"line":59,"column":10},"end":{"line":59,"column":17}},"12":{"start":{"line":61,"column":8},"end":{"line":64,"column":9}},"13":{"start":{"line":62,"column":10},"end":{"line":62,"column":54}},"14":{"start":{"line":63,"column":10},"end":{"line":63,"column":17}},"15":{"start":{"line":66,"column":21},"end":{"line":66,"column":35}},"16":{"start":{"line":67,"column":8},"end":{"line":71,"column":11}},"17":{"start":{"line":72,"column":8},"end":{"line":74,"column":11}},"18":{"start":{"line":73,"column":10},"end":{"line":73,"column":39}},"19":{"start":{"line":81,"column":24},"end":{"line":145,"column":3}},"20":{"start":{"line":83,"column":6},"end":{"line":142,"column":7}},"21":{"start":{"line":84,"column":8},"end":{"line":84,"column":39}},"22":{"start":{"line":85,"column":23},"end":{"line":103,"column":10}},"23":{"start":{"line":92,"column":23},"end":{"line":92,"column":35}},"24":{"start":{"line":98,"column":25},"end":{"line":98,"column":37}},"25":{"start":{"line":104,"column":8},"end":{"line":106,"column":11}},"26":{"start":{"line":113,"column":12},"end":{"line":113,"column":16}},"27":{"start":{"line":115,"column":25},"end":{"line":125,"column":9}},"28":{"start":{"line":127,"column":25},"end":{"line":127,"column":59}},"29":{"start":{"line":128,"column":8},"end":{"line":128,"column":34}},"30":{"start":{"line":130,"column":8},"end":{"line":130,"column":54}},"31":{"start":{"line":131,"column":8},"end":{"line":131,"column":28}},"32":{"start":{"line":133,"column":8},"end":{"line":137,"column":9}},"33":{"start":{"line":134,"column":25},"end":{"line":134,"column":49}},"34":{"start":{"line":135,"column":10},"end":{"line":135,"column":45}},"35":{"start":{"line":136,"column":10},"end":{"line":136,"column":17}},"36":{"start":{"line":138,"column":8},"end":{"line":141,"column":10}},"37":{"start":{"line":147,"column":23},"end":{"line":149,"column":18}},"38":{"start":{"line":148,"column":4},"end":{"line":148,"column":24}},"39":{"start":{"line":151,"column":2},"end":{"line":250,"column":4}},"40":{"start":{"line":185,"column":18},"end":{"line":185,"column":49}},"41":{"start":{"line":198,"column":18},"end":{"line":198,"column":55}},"42":{"start":{"line":211,"column":18},"end":{"line":211,"column":52}},"43":{"start":{"line":223,"column":18},"end":{"line":223,"column":59}},"44":{"start":{"line":235,"column":18},"end":{"line":235,"column":48}},"45":{"start":{"line":240,"column":18},"end":{"line":240,"column":48}}},"fnMap":{"0":{"name":"(anonymous_0)","decl":{"start":{"line":39,"column":26},"end":{"line":39,"column":27}},"loc":{"start":{"line":39,"column":32},"end":{"line":251,"column":1}},"line":39},"1":{"name":"(anonymous_1)","decl":{"start":{"line":49,"column":41},"end":{"line":49,"column":42}},"loc":{"start":{"line":49,"column":47},"end":{"line":79,"column":3}},"line":49},"2":{"name":"(anonymous_2)","decl":{"start":{"line":57,"column":6},"end":{"line":57,"column":7}},"loc":{"start":{"line":57,"column":18},"end":{"line":77,"column":7}},"line":57},"3":{"name":"(anonymous_3)","decl":{"start":{"line":72,"column":45},"end":{"line":72,"column":46}},"loc":{"start":{"line":72,"column":60},"end":{"line":74,"column":9}},"line":72},"4":{"name":"(anonymous_4)","decl":{"start":{"line":82,"column":4},"end":{"line":82,"column":5}},"loc":{"start":{"line":82,"column":37},"end":{"line":143,"column":5}},"line":82},"5":{"name":"(anonymous_5)","decl":{"start":{"line":92,"column":16},"end":{"line":92,"column":17}},"loc":{"start":{"line":92,"column":23},"end":{"line":92,"column":35}},"line":92},"6":{"name":"(anonymous_6)","decl":{"start":{"line":98,"column":18},"end":{"line":98,"column":19}},"loc":{"start":{"line":98,"column":25},"end":{"line":98,"column":37}},"line":98},"7":{"name":"(anonymous_7)","decl":{"start":{"line":147,"column":35},"end":{"line":147,"column":36}},"loc":{"start":{"line":147,"column":41},"end":{"line":149,"column":3}},"line":147},"8":{"name":"(anonymous_8)","decl":{"start":{"line":184,"column":33},"end":{"line":184,"column":34}},"loc":{"start":{"line":184,"column":39},"end":{"line":186,"column":17}},"line":184},"9":{"name":"(anonymous_9)","decl":{"start":{"line":197,"column":33},"end":{"line":197,"column":34}},"loc":{"start":{"line":197,"column":39},"end":{"line":199,"column":17}},"line":197},"10":{"name":"(anonymous_10)","decl":{"start":{"line":210,"column":33},"end":{"line":210,"column":34}},"loc":{"start":{"line":210,"column":39},"end":{"line":212,"column":17}},"line":210},"11":{"name":"(anonymous_11)","decl":{"start":{"line":222,"column":33},"end":{"line":222,"column":34}},"loc":{"start":{"line":222,"column":39},"end":{"line":224,"column":17}},"line":222},"12":{"name":"(anonymous_12)","decl":{"start":{"line":234,"column":33},"end":{"line":234,"column":34}},"loc":{"start":{"line":234,"column":39},"end":{"line":236,"column":17}},"line":234},"13":{"name":"(anonymous_13)","decl":{"start":{"line":239,"column":25},"end":{"line":239,"column":26}},"loc":{"start":{"line":239,"column":31},"end":{"line":241,"column":17}},"line":239}},"branchMap":{"0":{"loc":{"start":{"line":58,"column":8},"end":{"line":60,"column":9}},"type":"if","locations":[{"start":{"line":58,"column":8},"end":{"line":60,"column":9}},{"start":{"line":58,"column":8},"end":{"line":60,"column":9}}],"line":58},"1":{"loc":{"start":{"line":61,"column":8},"end":{"line":64,"column":9}},"type":"if","locations":[{"start":{"line":61,"column":8},"end":{"line":64,"column":9}},{"start":{"line":61,"column":8},"end":{"line":64,"column":9}}],"line":61},"2":{"loc":{"start":{"line":118,"column":14},"end":{"line":124,"column":16}},"type":"cond-expr","locations":[{"start":{"line":119,"column":14},"end":{"line":123,"column":15}},{"start":{"line":124,"column":14},"end":{"line":124,"column":16}}],"line":118},"3":{"loc":{"start":{"line":133,"column":8},"end":{"line":137,"column":9}},"type":"if","locations":[{"start":{"line":133,"column":8},"end":{"line":137,"column":9}},{"start":{"line":133,"column":8},"end":{"line":137,"column":9}}],"line":133},"4":{"loc":{"start":{"line":155,"column":18},"end":{"line":155,"column":63}},"type":"cond-expr","locations":[{"start":{"line":155,"column":42},"end":{"line":155,"column":51}},{"start":{"line":155,"column":54},"end":{"line":155,"column":63}}],"line":155}},"s":{"0":0,"1":0,"2":0,"3":0,"4":0,"5":0,"6":0,"7":0,"8":0,"9":0,"10":0,"11":0,"12":0,"13":0,"14":0,"15":0,"16":0,"17":0,"18":0,"19":0,"20":0,"21":0,"22":0,"23":0,"24":0,"25":0,"26":0,"27":0,"28":0,"29":0,"30":0,"31":0,"32":0,"33":0,"34":0,"35":0,"36":0,"37":0,"38":0,"39":0,"40":0,"41":0,"42":0,"43":0,"44":0,"45":0},"f":{"0":0,"1":0,"2":0,"3":0,"4":0,"5":0,"6":0,"7":0,"8":0,"9":0,"10":0,"11":0,"12":0,"13":0},"b":{"0":[0,0],"1":[0,0],"2":[0,0],"3":[0,0],"4":[0,0]}}
,"C:\\Users\\Hideki\\Documents\\Projects\\go-stack\\07-gobarber-mobile\\src\\pages\\SignIn\\index.tsx": {"path":"C:\\Users\\Hideki\\Documents\\Projects\\go-stack\\07-gobarber-mobile\\src\\pages\\SignIn\\index.tsx","statementMap":{"0":{"start":{"line":40,"column":25},"end":{"line":150,"column":1}},"1":{"start":{"line":41,"column":18},"end":{"line":41,"column":43}},"2":{"start":{"line":42,"column":27},"end":{"line":42,"column":50}},"3":{"start":{"line":43,"column":21},"end":{"line":43,"column":36}},"4":{"start":{"line":44,"column":21},"end":{"line":44,"column":30}},"5":{"start":{"line":46,"column":23},"end":{"line":79,"column":3}},"6":{"start":{"line":48,"column":6},"end":{"line":76,"column":7}},"7":{"start":{"line":49,"column":8},"end":{"line":49,"column":39}},"8":{"start":{"line":50,"column":23},"end":{"line":55,"column":10}},"9":{"start":{"line":56,"column":8},"end":{"line":58,"column":11}},"10":{"start":{"line":59,"column":8},"end":{"line":62,"column":11}},"11":{"start":{"line":65,"column":8},"end":{"line":69,"column":9}},"12":{"start":{"line":66,"column":25},"end":{"line":66,"column":49}},"13":{"start":{"line":67,"column":10},"end":{"line":67,"column":45}},"14":{"start":{"line":68,"column":10},"end":{"line":68,"column":17}},"15":{"start":{"line":72,"column":8},"end":{"line":75,"column":10}},"16":{"start":{"line":81,"column":2},"end":{"line":149,"column":4}},"17":{"start":{"line":111,"column":18},"end":{"line":111,"column":52}},"18":{"start":{"line":122,"column":18},"end":{"line":122,"column":48}},"19":{"start":{"line":127,"column":18},"end":{"line":127,"column":48}},"20":{"start":{"line":136,"column":16},"end":{"line":136,"column":35}},"21":{"start":{"line":144,"column":42},"end":{"line":144,"column":71}}},"fnMap":{"0":{"name":"(anonymous_0)","decl":{"start":{"line":40,"column":25},"end":{"line":40,"column":26}},"loc":{"start":{"line":40,"column":31},"end":{"line":150,"column":1}},"line":40},"1":{"name":"(anonymous_1)","decl":{"start":{"line":47,"column":4},"end":{"line":47,"column":5}},"loc":{"start":{"line":47,"column":36},"end":{"line":77,"column":5}},"line":47},"2":{"name":"(anonymous_2)","decl":{"start":{"line":110,"column":33},"end":{"line":110,"column":34}},"loc":{"start":{"line":110,"column":39},"end":{"line":112,"column":17}},"line":110},"3":{"name":"(anonymous_3)","decl":{"start":{"line":121,"column":33},"end":{"line":121,"column":34}},"loc":{"start":{"line":121,"column":39},"end":{"line":123,"column":17}},"line":121},"4":{"name":"(anonymous_4)","decl":{"start":{"line":126,"column":25},"end":{"line":126,"column":26}},"loc":{"start":{"line":126,"column":31},"end":{"line":128,"column":17}},"line":126},"5":{"name":"(anonymous_5)","decl":{"start":{"line":134,"column":23},"end":{"line":134,"column":24}},"loc":{"start":{"line":134,"column":29},"end":{"line":137,"column":15}},"line":134},"6":{"name":"(anonymous_6)","decl":{"start":{"line":144,"column":36},"end":{"line":144,"column":37}},"loc":{"start":{"line":144,"column":42},"end":{"line":144,"column":71}},"line":144}},"branchMap":{"0":{"loc":{"start":{"line":65,"column":8},"end":{"line":69,"column":9}},"type":"if","locations":[{"start":{"line":65,"column":8},"end":{"line":69,"column":9}},{"start":{"line":65,"column":8},"end":{"line":69,"column":9}}],"line":65},"1":{"loc":{"start":{"line":85,"column":18},"end":{"line":85,"column":63}},"type":"cond-expr","locations":[{"start":{"line":85,"column":42},"end":{"line":85,"column":51}},{"start":{"line":85,"column":54},"end":{"line":85,"column":63}}],"line":85}},"s":{"0":1,"1":1,"2":1,"3":1,"4":1,"5":1,"6":0,"7":0,"8":0,"9":0,"10":0,"11":0,"12":0,"13":0,"14":0,"15":0,"16":1,"17":0,"18":0,"19":0,"20":0,"21":0},"f":{"0":1,"1":0,"2":0,"3":0,"4":0,"5":0,"6":0},"b":{"0":[0,0],"1":[1,0]},"_coverageSchema":"1a1c01bbd47fc00a2c39e90264f33305004495a9","hash":"d7154c9861042765379c806238403c8fe434ff1c"}
,"C:\\Users\\Hideki\\Documents\\Projects\\go-stack\\07-gobarber-mobile\\src\\pages\\SignUp\\index.tsx": {"path":"C:\\Users\\Hideki\\Documents\\Projects\\go-stack\\07-gobarber-mobile\\src\\pages\\SignUp\\index.tsx","statementMap":{"0":{"start":{"line":32,"column":25},"end":{"line":149,"column":1}},"1":{"start":{"line":33,"column":18},"end":{"line":33,"column":43}},"2":{"start":{"line":34,"column":21},"end":{"line":34,"column":36}},"3":{"start":{"line":36,"column":24},"end":{"line":36,"column":47}},"4":{"start":{"line":37,"column":27},"end":{"line":37,"column":50}},"5":{"start":{"line":39,"column":23},"end":{"line":74,"column":3}},"6":{"start":{"line":41,"column":6},"end":{"line":71,"column":7}},"7":{"start":{"line":42,"column":8},"end":{"line":42,"column":39}},"8":{"start":{"line":43,"column":23},"end":{"line":49,"column":10}},"9":{"start":{"line":50,"column":8},"end":{"line":52,"column":11}},"10":{"start":{"line":54,"column":8},"end":{"line":54,"column":39}},"11":{"start":{"line":56,"column":8},"end":{"line":59,"column":10}},"12":{"start":{"line":60,"column":8},"end":{"line":60,"column":28}},"13":{"start":{"line":62,"column":8},"end":{"line":66,"column":9}},"14":{"start":{"line":63,"column":25},"end":{"line":63,"column":49}},"15":{"start":{"line":64,"column":10},"end":{"line":64,"column":45}},"16":{"start":{"line":65,"column":10},"end":{"line":65,"column":17}},"17":{"start":{"line":67,"column":8},"end":{"line":70,"column":10}},"18":{"start":{"line":76,"column":2},"end":{"line":148,"column":4}},"19":{"start":{"line":104,"column":18},"end":{"line":104,"column":49}},"20":{"start":{"line":117,"column":18},"end":{"line":117,"column":52}},"21":{"start":{"line":129,"column":18},"end":{"line":129,"column":48}},"22":{"start":{"line":134,"column":18},"end":{"line":134,"column":48}},"23":{"start":{"line":143,"column":35},"end":{"line":143,"column":54}}},"fnMap":{"0":{"name":"(anonymous_0)","decl":{"start":{"line":32,"column":25},"end":{"line":32,"column":26}},"loc":{"start":{"line":32,"column":31},"end":{"line":149,"column":1}},"line":32},"1":{"name":"(anonymous_1)","decl":{"start":{"line":40,"column":4},"end":{"line":40,"column":5}},"loc":{"start":{"line":40,"column":36},"end":{"line":72,"column":5}},"line":40},"2":{"name":"(anonymous_2)","decl":{"start":{"line":103,"column":33},"end":{"line":103,"column":34}},"loc":{"start":{"line":103,"column":39},"end":{"line":105,"column":17}},"line":103},"3":{"name":"(anonymous_3)","decl":{"start":{"line":116,"column":33},"end":{"line":116,"column":34}},"loc":{"start":{"line":116,"column":39},"end":{"line":118,"column":17}},"line":116},"4":{"name":"(anonymous_4)","decl":{"start":{"line":128,"column":33},"end":{"line":128,"column":34}},"loc":{"start":{"line":128,"column":39},"end":{"line":130,"column":17}},"line":128},"5":{"name":"(anonymous_5)","decl":{"start":{"line":133,"column":25},"end":{"line":133,"column":26}},"loc":{"start":{"line":133,"column":31},"end":{"line":135,"column":17}},"line":133},"6":{"name":"(anonymous_6)","decl":{"start":{"line":143,"column":29},"end":{"line":143,"column":30}},"loc":{"start":{"line":143,"column":35},"end":{"line":143,"column":54}},"line":143}},"branchMap":{"0":{"loc":{"start":{"line":62,"column":8},"end":{"line":66,"column":9}},"type":"if","locations":[{"start":{"line":62,"column":8},"end":{"line":66,"column":9}},{"start":{"line":62,"column":8},"end":{"line":66,"column":9}}],"line":62},"1":{"loc":{"start":{"line":80,"column":18},"end":{"line":80,"column":63}},"type":"cond-expr","locations":[{"start":{"line":80,"column":42},"end":{"line":80,"column":51}},{"start":{"line":80,"column":54},"end":{"line":80,"column":63}}],"line":80}},"s":{"0":0,"1":0,"2":0,"3":0,"4":0,"5":0,"6":0,"7":0,"8":0,"9":0,"10":0,"11":0,"12":0,"13":0,"14":0,"15":0,"16":0,"17":0,"18":0,"19":0,"20":0,"21":0,"22":0,"23":0},"f":{"0":0,"1":0,"2":0,"3":0,"4":0,"5":0,"6":0},"b":{"0":[0,0],"1":[0,0]}}
}
